microsoft-azure-storage/build/outputs/logs/manifest-merger-debug-report.txt
-- Merging decision tree log ---
manifest
ADDED from push\microsoft-azure-storage\AndroidManifest.xml:11:1-18:12
INJECTED from push\microsoft-azure-storage\AndroidManifest.xml:11:1-18:12
INJECTED from push\microsoft-azure-storage\AndroidManifest.xml:11:1-18:12
INJECTED from push\microsoft-azure-storage\AndroidManifest.xml:11:1-18:12
INJECTED from push\microsoft-azure-storage\AndroidManifest.xml:11:1-18:12
	package
		ADDED from push\microsoft-azure-storage\AndroidManifest.xml:12:5-42
		INJECTED from push\microsoft-azure-storage\AndroidManifest.xml
		INJECTED from push\microsoft-azure-storage\AndroidManifest.xml
	android:versionName
		ADDED from push\microsoft-azure-storage\AndroidManifest.xml:14:5-32
		INJECTED from push\microsoft-azure-storage\AndroidManifest.xml
		INJECTED from push\microsoft-azure-storage\AndroidManifest.xml
	xmlns:android
		ADDED from push\microsoft-azure-storage\AndroidManifest.xml:11:11-69
	android:versionCode
		ADDED from push\microsoft-azure-storage\AndroidManifest.xml:13:5-28
uses-sdk
ADDED from push\microsoft-azure-storage\AndroidManifest.xml:14:38-80
INJECTED from push\microsoft-azure-storage\AndroidManifest.xml:14:38-80
INJECTED from push\microsoft-azure-storage\AndroidManifest.xml:14:38-80
	android:targetSdkVersion
		ADDED from push\microsoft-azure-storage\AndroidManifest.xml:14:48-77
	android:minSdkVersion
		INJECTED from push\microsoft-azure-storage\AndroidManifest.xml
		ADDED from push\microsoft-azure-storage\AndroidManifest.xml:14:38-80
		INJECTED from push\microsoft-azure-storage\AndroidManifest.xml
uses-permission#android.permission.INTERNET
ADDED from push\microsoft-azure-storage\AndroidManifest.xml:16:5-67
	android:name
		ADDED from push\microsoft-azure-storage\AndroidManifest.xml:16:22-64